Build started 2012/08/24 11:34:24 AM.
     1>Project "C:\Users\sebastiens\Documents\Light Run\cocos2d-2.0-rc2-x-2.0.1\Light.Run\proj.win32\Light Run.win32.vcxproj" on node 3 (build target(s)).
     1>InitializeBuildStatus:
         Creating "Debug.win32\Light Run.win32.unsuccessfulbuild" because "AlwaysCreate" was specified.
       ClCompile:
         C:\Program Files (x86)\Microsoft Visual Studio 10.0\VC\bin\CL.exe /c /I. /I..\Classes /I..\..\cocos2dx /I..\..\cocos2dx\include /I..\..\cocos2dx\kazmath\include /I..\..\cocos2dx\platform\win32 /I..\..\cocos2dx\platform\third_party\win32 /I..\..\cocos2dx\platform\third_party\win32\OGLES /I..\..\ /I..\..\CocosDenshion\Include /ZI /nologo /W3 /WX- /Od /Oy- /D WIN32 /D _WINDOWS /D STRICT /D _CRT_SECURE_NO_WARNINGS /D _SCL_SECURE_NO_WARNINGS_DEBUG /D COCOS2D_DEBUG=1 /D _UNICODE /D UNICODE /Gm /EHsc /RTC1 /MDd /GS /fp:precise /Zc:wchar_t /Zc:forScope /Fo"Debug.win32\\" /Fd"Debug.win32\vc100.pdb" /Gd /TP /wd4267 /wd4251 /wd4244 /analyze- /errorReport:prompt ..\Classes\AppDelegate.cpp ..\Classes\GameScene.cpp B2DLayer.cpp
         B2DLayer.cpp
         GameScene.cpp
     1>c:\users\sebastiens\documents\light run\cocos2d-2.0-rc2-x-2.0.1\light.run\classes\gamescene.cpp(167): warning C4018: '<' : signed/unsigned mismatch
         Generating Code...
         Compiling...
         AppDelegate.cpp
         Generating Code...
       ResourceCompile:
         All outputs are up-to-date.
       ManifestResourceCompile:
         All outputs are up-to-date.
       Link:
         C:\Program Files (x86)\Microsoft Visual Studio 10.0\VC\bin\link.exe /ERRORREPORT:PROMPT /OUT:"C:\Users\sebastiens\Documents\Light Run\cocos2d-2.0-rc2-x-2.0.1\Debug.win32\Light Run.win32.exe" /INCREMENTAL /NOLOGO /LIBPATH:"C:\Users\sebastiens\Documents\Light Run\cocos2d-2.0-rc2-x-2.0.1\Debug.win32\\" libcocos2d.lib opengl32.lib glew32.lib libBox2d.lib libCocosDenshion.lib kernel32.lib user32.lib gdi32.lib winspool.lib comdlg32.lib advapi32.lib shell32.lib ole32.lib oleaut32.lib uuid.lib odbc32.lib odbccp32.lib /MANIFEST /ManifestFile:"Debug.win32\Light Run.win32.exe.intermediate.manifest" /MANIFESTUAC:"level='asInvoker' uiAccess='false'" /DEBUG /PDB:"C:\Users\sebastiens\Documents\Light Run\cocos2d-2.0-rc2-x-2.0.1\Debug.win32\Light Run.win32.pdb" /SUBSYSTEM:WINDOWS /TLBID:1 /DYNAMICBASE /NXCOMPAT /IMPLIB:"C:\Users\sebastiens\Documents\Light Run\cocos2d-2.0-rc2-x-2.0.1\Debug.win32\Light Run.win32.lib" /MACHINE:X86 "Debug.win32\Light Run.res"
         "Debug.win32\Light Run.win32.exe.embed.manifest.res"
         Debug.win32\AppDelegate.obj
         Debug.win32\GameObject.obj
         Debug.win32\GameScene.obj
         Debug.win32\Light.obj
         Debug.win32\Player.obj
         Debug.win32\TrailedCCSprite.obj
         Debug.win32\b2debugDraw.obj
         Debug.win32\B2DLayer.obj
         Debug.win32\BackgroundLayer.obj
         Debug.win32\ContactListener.obj
         Debug.win32\main.obj
         Debug.win32\ScoreLayer.obj
         Debug.win32\Spawner.obj
         Debug.win32\Statistics.obj
       Manifest:
         c:\Program Files (x86)\Microsoft SDKs\Windows\v7.0A\bin\mt.exe /nologo /verbose /out:"Debug.win32\Light Run.win32.exe.embed.manifest" /manifest "Debug.win32\Light Run.win32.exe.intermediate.manifest"
         All outputs are up-to-date.
       LinkEmbedManifest:
         All outputs are up-to-date.
         Light Run.win32.vcxproj -> C:\Users\sebastiens\Documents\Light Run\cocos2d-2.0-rc2-x-2.0.1\Debug.win32\Light Run.win32.exe
       FinalizeBuildStatus:
         Deleting file "Debug.win32\Light Run.win32.unsuccessfulbuild".
         Touching "Debug.win32\Light Run.win32.lastbuildstate".
     1>Done Building Project "C:\Users\sebastiens\Documents\Light Run\cocos2d-2.0-rc2-x-2.0.1\Light.Run\proj.win32\Light Run.win32.vcxproj" (build target(s)).

Build succeeded.

Time Elapsed 00:00:09.11
